<?xml version="1.0" encoding="UTF-8"?>
<!-- Generated by org.testng.reporters.JUnitXMLReporter -->
<testsuite hostname="WSD017" name="VerifyProjNameLength" tests="1" failures="0" timestamp="25 Jul 2016 07:16:35 GMT" time="0.018" errors="0">
  <testcase name="@BeforeTest checkTestSkip" time="0.0" classname="com.uat.suite.tm_project.VerifyProjNameLength">
    <failure type="java.lang.NullPointerException">
      <![CDATA[java.lang.NullPointerException
	at com.uat.util.Xls_Reader.getRowCount(Xls_Reader.java:46)
	at com.uat.util.TestUtil.isTestCaseRunnable(TestUtil.java:39)
	at com.uat.suite.tm_project.VerifyProjNameLength.checkTestSkip(VerifyProjNameLength.java:50)
... Removed 23 stack frames]]>
    </failure>
  </testcase> <!-- @BeforeTest checkTestSkip -->
  <testcase name="@AfterTest reportTestResult" time="0.0" classname="com.uat.suite.tm_project.VerifyProjNameLength">
    <skipped/>
  </testcase> <!-- @AfterTest reportTestResult -->
  <testcase name="verifyProjNameLength" time="0.0" classname="com.uat.suite.tm_project.VerifyProjNameLength">
    <skipped/>
  </testcase> <!-- verifyProjNameLength -->
</testsuite> <!-- VerifyProjNameLength -->
