<?xml version="1.0" encoding="UTF-8"?>
<!-- Generated by org.testng.reporters.JUnitXMLReporter -->
<testsuite hostname="WSD023" name="VerifyLandingOnProjPage" tests="4" failures="3" timestamp="14 Feb 2017 12:00:46 GMT" time="18.214" errors="0">
  <testcase name="verifyLandingOnProjPage" time="8.019" classname="com.uat.suite.tm_project.VerifyLandingOnProjPage">
    <failure type="java.lang.AssertionError" message="expected [true] but found [false]">
      <![CDATA[java.lang.AssertionError: expected [true] but found [false]
	at com.uat.base.TestBaseOld.assertTrue(TestBaseOld.java:256)
	at com.uat.base.TestBaseOld.login(TestBaseOld.java:395)
	at com.uat.suite.tm_project.VerifyLandingOnProjPage.verifyLandingOnProjPage(VerifyLandingOnProjPage.java:77)
... Removed 29 stack frames]]>
    </failure>
  </testcase> <!-- verifyLandingOnProjPage -->
  <testcase name="verifyLandingOnProjPage" time="3.407" classname="com.uat.suite.tm_project.VerifyLandingOnProjPage">
    <failure type="java.lang.AssertionError" message="expected [true] but found [false]">
      <![CDATA[java.lang.AssertionError: expected [true] but found [false]
	at com.uat.base.TestBaseOld.assertTrue(TestBaseOld.java:256)
	at com.uat.base.TestBaseOld.login(TestBaseOld.java:395)
	at com.uat.suite.tm_project.VerifyLandingOnProjPage.verifyLandingOnProjPage(VerifyLandingOnProjPage.java:77)
... Removed 29 stack frames]]>
    </failure>
  </testcase> <!-- verifyLandingOnProjPage -->
  <testcase name="verifyLandingOnProjPage" time="5.083" classname="com.uat.suite.tm_project.VerifyLandingOnProjPage">
    <failure type="java.lang.AssertionError" message="expected [true] but found [false]">
      <![CDATA[java.lang.AssertionError: expected [true] but found [false]
	at com.uat.base.TestBaseOld.assertTrue(TestBaseOld.java:256)
	at com.uat.base.TestBaseOld.login(TestBaseOld.java:395)
	at com.uat.suite.tm_project.VerifyLandingOnProjPage.verifyLandingOnProjPage(VerifyLandingOnProjPage.java:77)
... Removed 29 stack frames]]>
    </failure>
  </testcase> <!-- verifyLandingOnProjPage -->
  <testcase name="verifyLandingOnProjPage" time="0.0" classname="com.uat.suite.tm_project.VerifyLandingOnProjPage">
    <skipped/>
  </testcase> <!-- verifyLandingOnProjPage -->
</testsuite> <!-- VerifyLandingOnProjPage -->
