<?xml version="1.0" encoding="UTF-8"?>
<!-- Generated by org.testng.reporters.JUnitXMLReporter -->
<testsuite hostname="WSD011" name="VerifyLogin" tests="2" failures="1" timestamp="21 Feb 2017 12:36:08 GMT" time="15.922" errors="0">
  <testcase name="verifyValidLogin" time="7.94" classname="com.uat.TestCases.VerifyLoginFucntionality"/>
  <testcase name="verifyValidLogin" time="6.415" classname="com.uat.TestCases.VerifyLoginFucntionality">
    <failure type="java.lang.AssertionError" message="expected [TestManagement] but found [Test Management]">
      <![CDATA[java.lang.AssertionError: expected [TestManagement] but found [Test Management]
	at com.uat.TestCases.VerifyLoginFucntionality.verifyValidLogin(VerifyLoginFucntionality.java:54)
... Removed 29 stack frames]]>
    </failure>
  </testcase> <!-- verifyValidLogin -->
</testsuite> <!-- VerifyLogin -->
